Base path: '/home/evan/Unity/Hub/Editor/2019.4.36f1/Editor/Data', plugins path '/home/evan/Unity/Hub/Editor/2019.4.36f1/Editor/Data/PlaybackEngines'
Cmd: initializeCompiler
Cmd: compileComputeKernel
  api=18 insize=18731 outsize=32670 ok=1
Cmd: compileComputeKernel
  api=18 insize=18731 outsize=32675 ok=1
Cmd: compileComputeKernel
  api=18 insize=18731 outsize=57258 ok=1
Cmd: compileComputeKernel
  api=18 insize=1505 outsize=6787 ok=1
Cmd: compileComputeKernel
  api=18 insize=5032 outsize=38014 ok=1
Cmd: compileComputeKernel
  api=18 insize=3158 outsize=198943 ok=1
Cmd: compileComputeKernel
  api=18 insize=11176 outsize=40108 ok=1
Cmd: compileComputeKernel
  api=18 insize=3532 outsize=11910 ok=1
Cmd: shutdown

Quitting shader compiler process
