Unity Editor version:    2020.3.31f1 (6b54b7616050)
Branch:                  2020.3/release
Build type:              Release
Batch mode:              YES
System name:             Linux
Distro version:          #44~20.04.1-Ubuntu SMP Thu Mar 24 16:43:35 UTC 2022
Kernel version:          5.13.0-39-generic
Architecture:            x86_64
Available memory:        7750 MB
Using pre-set license
Pro License: NO
Desktop is 1920 x 1080 @ 60 Hz

COMMAND LINE ARGUMENTS:
Unity
-adb2
-batchMode
-noUpm
-name
AssetImportWorker0
-projectPath
/home/evan/first-project
-logFile
Logs/AssetImportWorker0.log
-srvPort
42767
Successfully changed project path to: /home/evan/first-project
/home/evan/first-project
Using Asset Import Pipeline V2.
Refreshing native plugins compatible for Editor in 34.97 ms, found 1 plugins.
Preloading 0 native plugins for Editor in 0.00 ms.
Initialize engine version: 2020.3.31f1 (6b54b7616050)
[Subsystems] Discovering subsystems at path /home/evan/Unity/Hub/Editor/2020.3.31f1/Editor/Data/Resources/UnitySubsystems
[Subsystems] Discovering subsystems at path /home/evan/first-project/Assets
GLX Extensions: GLX_ARB_create_context GLX_ARB_create_context_no_error GLX_ARB_create_context_profile GLX_ARB_create_context_robustness GLX_ARB_fbconfig_float GLX_ARB_framebuffer_sRGB GLX_ARB_get_proc_address GLX_ARB_multisample GLX_EXT_buffer_age GLX_EXT_create_context_es2_profile GLX_EXT_create_context_es_profile GLX_EXT_fbconfig_packed_float GLX_EXT_framebuffer_sRGB GLX_EXT_import_context GLX_EXT_no_config_context GLX_EXT_swap_control GLX_EXT_swap_control_tear GLX_EXT_texture_from_pixmap GLX_EXT_visual_info GLX_EXT_visual_rating GLX_INTEL_swap_event GLX_MESA_copy_sub_buffer GLX_MESA_query_renderer GLX_MESA_swap_control GLX_OML_swap_method GLX_OML_sync_control GLX_SGIS_multisample GLX_SGIX_fbconfig GLX_SGIX_pbuffer GLX_SGIX_visual_select_group GLX_SGI_make_current_read GLX_SGI_swap_control GLX_SGI_video_sync 
Renderer: Mesa Intel(R) UHD Graphics (TGL GT2)
Vendor:   Intel
Version:  4.6 (Core Profile) Mesa 21.2.6
GLES:     0
 GL_3DFX_texture_compression_FXT1 GL_AMD_conservative_depth GL_AMD_depth_clamp_separate GL_AMD_draw_buffers_blend GL_AMD_gpu_shader_int64 GL_AMD_multi_draw_indirect GL_AMD_performance_monitor GL_AMD_pinned_memory GL_AMD_query_buffer_object GL_AMD_seamless_cubemap_per_texture GL_AMD_shader_stencil_export GL_AMD_shader_trinary_minmax GL_AMD_texture_texture4 GL_AMD_vertex_shader_layer GL_AMD_vertex_shader_viewport_index GL_ANGLE_texture_compression_dxt3 GL_ANGLE_texture_compression_dxt5 GL_ARB_ES2_compatibility GL_ARB_ES3_1_compatibility GL_ARB_ES3_2_compatibility GL_ARB_ES3_compatibility GL_ARB_arrays_of_arrays GL_ARB_base_instance GL_ARB_blend_func_extended GL_ARB_buffer_storage GL_ARB_clear_buffer_object GL_ARB_clear_texture GL_ARB_clip_control GL_ARB_compressed_texture_pixel_storage GL_ARB_compute_shader GL_ARB_compute_variable_group_size GL_ARB_conditional_render_inverted GL_ARB_conservative_depth GL_ARB_copy_buffer GL_ARB_copy_image GL_ARB_cull_distance GL_ARB_debug_output GL_ARB_depth_buffer_float GL_ARB
_depth_clamp GL_ARB_derivative_control GL_ARB_direct_state_access GL_ARB_draw_buffers GL_ARB_draw_buffers_blend GL_ARB_draw_elements_base_vertex GL_ARB_draw_indirect GL_ARB_draw_instanced GL_ARB_enhanced_layouts GL_ARB_explicit_attrib_location GL_ARB_explicit_uniform_location GL_ARB_fragment_coord_conventions GL_ARB_fragment_layer_viewport GL_ARB_fragment_shader GL_ARB_fragment_shader_interlock GL_ARB_framebuffer_no_attachments GL_ARB_framebuffer_object GL_ARB_framebuffer_sRGB GL_ARB_get_program_binary GL_ARB_get_texture_sub_image GL_ARB_gl_spirv GL_ARB_gpu_shader5 GL_ARB_gpu_shader_fp64 GL_ARB_gpu_shader_int64 GL_ARB_half_float_pixel GL_ARB_half_float_vertex GL_ARB_indirect_parameters GL_ARB_instanced_arrays GL_ARB_internalformat_query GL_ARB_internalformat_query2 GL_ARB_invalidate_subdata GL_ARB_map_buffer_alignment GL_ARB_map_buffer_range GL_ARB_multi_bind GL_ARB_multi_draw_indirect GL_ARB_occlusion_query2 GL_ARB_parallel_shader_compile GL_ARB_pipeline_statistics_query GL_ARB_pixel_buffer_object GL_ARB_po
int_sprite GL_ARB_polygon_offset_clamp GL_ARB_post_depth_coverage GL_ARB_program_interface_query GL_ARB_provoking_vertex GL_ARB_query_buffer_object GL_ARB_robust_buffer_access_behavior GL_ARB_robustness GL_ARB_sample_shading GL_ARB_sampler_objects GL_ARB_seamless_cube_map GL_ARB_seamless_cubemap_per_texture GL_ARB_separate_shader_objects GL_ARB_shader_atomic_counter_ops GL_ARB_shader_atomic_counters GL_ARB_shader_ballot GL_ARB_shader_bit_encoding GL_ARB_shader_clock GL_ARB_shader_draw_parameters GL_ARB_shader_group_vote GL_ARB_shader_image_load_store GL_ARB_shader_image_size GL_ARB_shader_objects GL_ARB_shader_precision GL_ARB_shader_stencil_export GL_ARB_shader_storage_buffer_object GL_ARB_shader_subroutine GL_ARB_shader_texture_image_samples GL_ARB_shader_texture_lod GL_ARB_shader_viewport_layer_array GL_ARB_shading_language_420pack GL_ARB_shading_language_include GL_ARB_shading_language_packing GL_ARB_spirv_extensions GL_ARB_stencil_texturing GL_ARB_sync GL_ARB_tessellation_shader GL_ARB_texture_barrier G
L_ARB_texture_buffer_object GL_ARB_texture_buffer_object_rgb32 GL_ARB_texture_buffer_range GL_ARB_texture_compression_bptc GL_ARB_texture_compression_rgtc GL_ARB_texture_cube_map_array GL_ARB_texture_filter_anisotropic GL_ARB_texture_float GL_ARB_texture_gather GL_ARB_texture_mirror_clamp_to_edge GL_ARB_texture_multisample GL_ARB_texture_non_power_of_two GL_ARB_texture_query_levels GL_ARB_texture_query_lod GL_ARB_texture_rectangle GL_ARB_texture_rg GL_ARB_texture_rgb10_a2ui GL_ARB_texture_stencil8 GL_ARB_texture_storage GL_ARB_texture_storage_multisample GL_ARB_texture_swizzle GL_ARB_texture_view GL_ARB_timer_query GL_ARB_transform_feedback2 GL_ARB_transform_feedback3 GL_ARB_transform_feedback_instanced GL_ARB_transform_feedback_overflow_query GL_ARB_uniform_buffer_object GL_ARB_vertex_array_bgra GL_ARB_vertex_array_object GL_ARB_vertex_attrib_64bit GL_ARB_vertex_attrib_binding GL_ARB_vertex_buffer_object GL_ARB_vertex_shader GL_ARB_vertex_type_10f_11f_11f_rev GL_ARB_vertex_type_2_10_10_10_rev GL_ARB_viewpor
t_array GL_ATI_blend_equation_separate GL_ATI_texture_float GL_EXT_EGL_image_storage GL_EXT_EGL_sync GL_EXT_abgr GL_EXT_blend_equation_separate GL_EXT_demote_to_helper_invocation GL_EXT_depth_bounds_test GL_EXT_draw_buffers2 GL_EXT_draw_instanced GL_EXT_framebuffer_blit GL_EXT_framebuffer_multisample GL_EXT_framebuffer_multisample_blit_scaled GL_EXT_framebuffer_object GL_EXT_framebuffer_sRGB GL_EXT_memory_object GL_EXT_memory_object_fd GL_EXT_packed_depth_stencil GL_EXT_packed_float GL_EXT_pixel_buffer_object GL_EXT_polygon_offset_clamp GL_EXT_provoking_vertex GL_EXT_semaphore GL_EXT_semaphore_fd GL_EXT_shader_framebuffer_fetch GL_EXT_shader_framebuffer_fetch_non_coherent GL_EXT_shader_integer_mix GL_EXT_shader_samples_identical GL_EXT_texture_array GL_EXT_texture_compression_dxt1 GL_EXT_texture_compression_rgtc GL_EXT_texture_compression_s3tc GL_EXT_texture_filter_anisotropic GL_EXT_texture_integer GL_EXT_texture_sRGB GL_EXT_texture_sRGB_R8 GL_EXT_texture_sRGB_decode GL_EXT_texture_shadow_lod GL_EXT_texture
_shared_exponent GL_EXT_texture_snorm GL_EXT_texture_swizzle GL_EXT_timer_query GL_EXT_transform_feedback GL_EXT_vertex_array_bgra GL_EXT_vertex_attrib_64bit GL_IBM_multimode_draw_arrays GL_INTEL_blackhole_render GL_INTEL_conservative_rasterization GL_INTEL_performance_query GL_INTEL_shader_atomic_float_minmax GL_INTEL_shader_integer_functions2 GL_KHR_blend_equation_advanced GL_KHR_blend_equation_advanced_coherent GL_KHR_context_flush_control GL_KHR_debug GL_KHR_no_error GL_KHR_parallel_shader_compile GL_KHR_robust_buffer_access_behavior GL_KHR_robustness GL_KHR_texture_compression_astc_ldr GL_KHR_texture_compression_astc_sliced_3d GL_MESA_framebuffer_flip_y GL_MESA_pack_invert GL_MESA_shader_integer_functions GL_MESA_texture_signed_rgba GL_NV_compute_shader_derivatives GL_NV_conditional_render GL_NV_copy_image GL_NV_depth_clamp GL_NV_fragment_shader_interlock GL_NV_packed_depth_stencil GL_NV_texture_barrier GL_OES_EGL_image GL_S3_s3tc
OPENGL LOG: Creating OpenGL 4.6 graphics device ; Context level  <OpenGL 4.5> ; Context handle -706905840
../src/intel/isl/isl.c:2105: FINISHME: ../src/intel/isl/isl.c:isl_surf_supports_ccs: CCS for 3D textures is disabled, but a workaround is available.
Initialize mono
Mono path[0] = '/home/evan/Unity/Hub/Editor/2020.3.31f1/Editor/Data/Managed'
Mono path[1] = '/home/evan/Unity/Hub/Editor/2020.3.31f1/Editor/Data/MonoBleedingEdge/lib/mono/unityjit'
Mono config path = '/home/evan/Unity/Hub/Editor/2020.3.31f1/Editor/Data/MonoBleedingEdge/etc'
Using monoOptions --debugger-agent=transport=dt_socket,embedding=1,server=y,suspend=n,address=127.0.0.1:56209
Begin MonoManager ReloadAssembly
Registering precompiled unity dll's ...
Register platform support module: /home/evan/Unity/Hub/Editor/2020.3.31f1/Editor/Data/PlaybackEngines/WebGLSupport/UnityEditor.WebGL.Extensions.dll
Register platform support module: /home/evan/Unity/Hub/Editor/2020.3.31f1/Editor/Data/PlaybackEngines/MacStandaloneSupport/UnityEditor.OSXStandalone.Extensions.dll
Register platform support module: /home/evan/Unity/Hub/Editor/2020.3.31f1/Editor/Data/PlaybackEngines/WindowsStandaloneSupport/UnityEditor.WindowsStandalone.Extensions.dll
Register platform support module: /home/evan/Unity/Hub/Editor/2020.3.31f1/Editor/Data/PlaybackEngines/LinuxStandaloneSupport/UnityEditor.LinuxStandalone.Extensions.dll
Registered in 0.001165 seconds.
Native extension for LinuxStandalone target not found
Native extension for WindowsStandalone target not found
Native extension for OSXStandalone target not found
Native extension for WebGL target not found
Refreshing native plugins compatible for Editor in 41.52 ms, found 1 plugins.
Preloading 0 native plugins for Editor in 0.00 ms.
Mono: successfully reloaded assembly
- Completed reload, in  0.499 seconds
Domain Reload Profiling:
	ReloadAssembly (499ms)
		BeginReloadAssembly (41ms)
			ExecutionOrderSort (0ms)
			DisableScriptedObjects (0ms)
			BackupInstance (0ms)
			ReleaseScriptingObjects (0ms)
			CreateAndSetChildDomain (1ms)
		EndReloadAssembly (405ms)
			LoadAssemblies (40ms)
			RebuildTransferFunctionScriptingTraits (0ms)
			SetupTypeCache (121ms)
			ReleaseScriptCaches (0ms)
			RebuildScriptCaches (23ms)
			SetupLoadedEditorAssemblies (190ms)
				LogAssemblyErrors (0ms)
				InitializePlatformSupportModulesInManaged (5ms)
				SetLoadedEditorAssemblies (0ms)
				RefreshPlugins (42ms)
				BeforeProcessingInitializeOnLoad (5ms)
				ProcessInitializeOnLoadAttributes (109ms)
				ProcessInitializeOnLoadMethodAttributes (29ms)
				AfterProcessingInitializeOnLoad (0ms)
				EditorAssembliesLoaded (0ms)
			ExecutionOrderSort2 (0ms)
			AwakeInstancesAfterBackupRestoration (0ms)
Platform modules already initialized, skipping
Registering precompiled user dll's ...
Registered in 0.002089 seconds.
Begin MonoManager ReloadAssembly
Native extension for LinuxStandalone target not found
Native extension for WindowsStandalone target not found
Native extension for OSXStandalone target not found
Native extension for WebGL target not found
Refreshing native plugins compatible for Editor in 39.65 ms, found 1 plugins.
Preloading 0 native plugins for Editor in 0.00 ms.
Mono: successfully reloaded assembly
- Completed reload, in  0.925 seconds
Domain Reload Profiling:
	ReloadAssembly (926ms)
		BeginReloadAssembly (102ms)
			ExecutionOrderSort (0ms)
			DisableScriptedObjects (3ms)
			BackupInstance (0ms)
			ReleaseScriptingObjects (0ms)
			CreateAndSetChildDomain (13ms)
		EndReloadAssembly (779ms)
			LoadAssemblies (69ms)
			RebuildTransferFunctionScriptingTraits (0ms)
			SetupTypeCache (256ms)
			ReleaseScriptCaches (1ms)
			RebuildScriptCaches (53ms)
			SetupLoadedEditorAssemblies (318ms)
				LogAssemblyErrors (0ms)
				InitializePlatformSupportModulesInManaged (4ms)
				SetLoadedEditorAssemblies (0ms)
				RefreshPlugins (40ms)
				BeforeProcessingInitializeOnLoad (46ms)
				ProcessInitializeOnLoadAttributes (210ms)
				ProcessInitializeOnLoadMethodAttributes (14ms)
				AfterProcessingInitializeOnLoad (3ms)
				EditorAssembliesLoaded (0ms)
			ExecutionOrderSort2 (0ms)
			AwakeInstancesAfterBackupRestoration (6ms)
Platform modules already initialized, skipping
========================================================================
Worker process is ready to serve import requests
Launched and connected shader compiler UnityShaderCompiler after 0.01 seconds
Refreshing native plugins compatible for Editor in 0.69 ms, found 1 plugins.
Preloading 0 native plugins for Editor in 0.00 ms.
Unloading 2484 Unused Serialized files (Serialized files now loaded: 0)
System memory in use before: 105.0 MB.
System memory in use after: 105.1 MB.

Unloading 26 unused Assets to reduce memory usage. Loaded Objects now: 2922.
Total: 4.598626 ms (FindLiveObjects: 0.151758 ms CreateObjectMapping: 0.060535 ms MarkObjects: 4.232478 ms  DeleteObjects: 0.152659 ms)

AssetImportParameters requested are different than current active one (requested -> active):
  custom:video-decoder-ogg-theora: a1e56fd34408186e4bbccfd4996cb3dc -> 
  custom:container-muxer-webm: aa71ff27fc2769a1b78a27578f13a17b -> 
  custom:container-demuxer-webm: 4f35f7cbe854078d1ac9338744f61a02 -> 
  custom:container-demuxer-ogg: 62fdf1f143b41e24485cea50d1cbac27 -> 
  custom:video-encoder-webm-vp8: eb34c28f22e8b96e1ab97ce403110664 -> 
  custom:video-decoder-webm-vp8: 9c59270c3fd7afecdb556c50c9e8de78 -> 
  custom:audio-decoder-ogg-vorbis: bf7c407c2cedff20999df2af8eb42d56 -> 
  custom:audio-encoder-webm-vorbis: bf7c407c2cedff20999df2af8eb42d56 -> 
========================================================================
Received Import Request.
  path: Assets/Prefabs/Canvas.prefab
  artifactKey: Guid(1e4c457291065f23eab97bda6a78d323) Importer(815301076,1909f56bfc062723c751e8b465ee728b)
Start importing Assets/Prefabs/Canvas.prefab using Guid(1e4c457291065f23eab97bda6a78d323) Importer(815301076,1909f56bfc062723c751e8b465ee728b)  -> (artifact id: 'c5394d1887ee49643ba49d24e0ff39fb') in 0.043236 seconds 
========================================================================
Received Import Request.
  Time since last request: 0.000163 seconds.
  path: Assets/Prefabs/Player.prefab
  artifactKey: Guid(3b7ee118d501aa940aa46be728591c6f) Importer(815301076,1909f56bfc062723c751e8b465ee728b)
Start importing Assets/Prefabs/Player.prefab using Guid(3b7ee118d501aa940aa46be728591c6f) Importer(815301076,1909f56bfc062723c751e8b465ee728b)  -> (artifact id: '97064a38af5f6c1f6d68944ae701d5e6') in 0.055916 seconds 
========================================================================
Received Import Request.
  Time since last request: 22.776883 seconds.
  path: Assets/Prefabs/Bullet.prefab
  artifactKey: Guid(2556dad7e7cfc23488be55ebdbcd3640) Importer(815301076,1909f56bfc062723c751e8b465ee728b)
Start importing Assets/Prefabs/Bullet.prefab using Guid(2556dad7e7cfc23488be55ebdbcd3640) Importer(815301076,1909f56bfc062723c751e8b465ee728b)  -> (artifact id: '934dc08f32be7284813370777e7172cc') in 0.008744 seconds 
========================================================================
Received Import Request.
  Time since last request: 11.771553 seconds.
  path: Assets/Prefabs/Bullet.prefab
  artifactKey: Guid(2556dad7e7cfc23488be55ebdbcd3640) Importer(815301076,1909f56bfc062723c751e8b465ee728b)
Start importing Assets/Prefabs/Bullet.prefab using Guid(2556dad7e7cfc23488be55ebdbcd3640) Importer(815301076,1909f56bfc062723c751e8b465ee728b)  -> (artifact id: '0bcc9dd6f2b1ee6f85cc49ef91cf1b50') in 0.008115 seconds 
========================================================================
Received Import Request.
  Time since last request: 2.229901 seconds.
  path: Assets/Prefabs/Bullet.prefab
  artifactKey: Guid(2556dad7e7cfc23488be55ebdbcd3640) Importer(815301076,1909f56bfc062723c751e8b465ee728b)
Start importing Assets/Prefabs/Bullet.prefab using Guid(2556dad7e7cfc23488be55ebdbcd3640) Importer(815301076,1909f56bfc062723c751e8b465ee728b)  -> (artifact id: 'cd0b91ec6c9d782c31cb7e7fcdbc62af') in 0.008045 seconds 
========================================================================
Received Import Request.
  Time since last request: 5.933241 seconds.
  path: Assets/Prefabs/Bullet.prefab
  artifactKey: Guid(2556dad7e7cfc23488be55ebdbcd3640) Importer(815301076,1909f56bfc062723c751e8b465ee728b)
Start importing Assets/Prefabs/Bullet.prefab using Guid(2556dad7e7cfc23488be55ebdbcd3640) Importer(815301076,1909f56bfc062723c751e8b465ee728b)  -> (artifact id: '9544a621abba0f3556a29750c73b4343') in 0.006509 seconds 
========================================================================
Received Import Request.
  Time since last request: 8.043859 seconds.
  path: Assets/Prefabs/Bullet.prefab
  artifactKey: Guid(2556dad7e7cfc23488be55ebdbcd3640) Importer(815301076,1909f56bfc062723c751e8b465ee728b)
Start importing Assets/Prefabs/Bullet.prefab using Guid(2556dad7e7cfc23488be55ebdbcd3640) Importer(815301076,1909f56bfc062723c751e8b465ee728b)  -> (artifact id: 'df809f179d29745ea2e4389bef3a6510') in 0.008939 seconds 
========================================================================
Received Import Request.
  Time since last request: 5.056960 seconds.
  path: Assets/Prefabs/Bullet.prefab
  artifactKey: Guid(2556dad7e7cfc23488be55ebdbcd3640) Importer(815301076,1909f56bfc062723c751e8b465ee728b)
Start importing Assets/Prefabs/Bullet.prefab using Guid(2556dad7e7cfc23488be55ebdbcd3640) Importer(815301076,1909f56bfc062723c751e8b465ee728b)  -> (artifact id: '04431a0c274b7916a440833a9d6d4414') in 0.009040 seconds 
========================================================================
Received Import Request.
  Time since last request: 8.106761 seconds.
  path: Assets/Prefabs/Bullet.prefab
  artifactKey: Guid(2556dad7e7cfc23488be55ebdbcd3640) Importer(815301076,1909f56bfc062723c751e8b465ee728b)
Start importing Assets/Prefabs/Bullet.prefab using Guid(2556dad7e7cfc23488be55ebdbcd3640) Importer(815301076,1909f56bfc062723c751e8b465ee728b)  -> (artifact id: '127379f06f8957444dc8f9645bcec7ef') in 0.007771 seconds 
========================================================================
Received Import Request.
  Time since last request: 6.091750 seconds.
  path: Assets/Prefabs/Bullet.prefab
  artifactKey: Guid(2556dad7e7cfc23488be55ebdbcd3640) Importer(815301076,1909f56bfc062723c751e8b465ee728b)
Start importing Assets/Prefabs/Bullet.prefab using Guid(2556dad7e7cfc23488be55ebdbcd3640) Importer(815301076,1909f56bfc062723c751e8b465ee728b)  -> (artifact id: '5482ffbe9378770a532a5ebfb2e50165') in 0.008433 seconds 
========================================================================
Received Import Request.
  Time since last request: 38.231796 seconds.
  path: Assets/Prefabs/Bullet.prefab
  artifactKey: Guid(2556dad7e7cfc23488be55ebdbcd3640) Importer(815301076,1909f56bfc062723c751e8b465ee728b)
Start importing Assets/Prefabs/Bullet.prefab using Guid(2556dad7e7cfc23488be55ebdbcd3640) Importer(815301076,1909f56bfc062723c751e8b465ee728b)  -> (artifact id: 'fe8e01e5aecee5db8c65daff9ef63ef4') in 0.007806 seconds 
========================================================================
Received Import Request.
  Time since last request: 6.230731 seconds.
  path: Assets/Prefabs/Bullet.prefab
  artifactKey: Guid(2556dad7e7cfc23488be55ebdbcd3640) Importer(815301076,1909f56bfc062723c751e8b465ee728b)
Start importing Assets/Prefabs/Bullet.prefab using Guid(2556dad7e7cfc23488be55ebdbcd3640) Importer(815301076,1909f56bfc062723c751e8b465ee728b)  -> (artifact id: '1dcebf6f958422f9da6f1b82dcc21cc0') in 0.007902 seconds 
========================================================================
Received Import Request.
  Time since last request: 4.182734 seconds.
  path: Assets/Prefabs/Bullet.prefab
  artifactKey: Guid(2556dad7e7cfc23488be55ebdbcd3640) Importer(815301076,1909f56bfc062723c751e8b465ee728b)
Start importing Assets/Prefabs/Bullet.prefab using Guid(2556dad7e7cfc23488be55ebdbcd3640) Importer(815301076,1909f56bfc062723c751e8b465ee728b)  -> (artifact id: '91ab355edc7560303ac0f94a6f93011b') in 0.007422 seconds 
========================================================================
Received Import Request.
  Time since last request: 2.039034 seconds.
  path: Assets/Prefabs/Bullet.prefab
  artifactKey: Guid(2556dad7e7cfc23488be55ebdbcd3640) Importer(815301076,1909f56bfc062723c751e8b465ee728b)
Start importing Assets/Prefabs/Bullet.prefab using Guid(2556dad7e7cfc23488be55ebdbcd3640) Importer(815301076,1909f56bfc062723c751e8b465ee728b)  -> (artifact id: 'e1f484577736daae849b1247dc753282') in 0.007977 seconds 
========================================================================
Received Import Request.
  Time since last request: 7.960931 seconds.
  path: Assets/Prefabs/Bullet.prefab
  artifactKey: Guid(2556dad7e7cfc23488be55ebdbcd3640) Importer(815301076,1909f56bfc062723c751e8b465ee728b)
Start importing Assets/Prefabs/Bullet.prefab using Guid(2556dad7e7cfc23488be55ebdbcd3640) Importer(815301076,1909f56bfc062723c751e8b465ee728b)  -> (artifact id: '6e4897cc3585bc1a8263fa4811914235') in 0.007770 seconds 
========================================================================
Received Import Request.
  Time since last request: 4.308391 seconds.
  path: Assets/Prefabs/Bullet.prefab
  artifactKey: Guid(2556dad7e7cfc23488be55ebdbcd3640) Importer(815301076,1909f56bfc062723c751e8b465ee728b)
Start importing Assets/Prefabs/Bullet.prefab using Guid(2556dad7e7cfc23488be55ebdbcd3640) Importer(815301076,1909f56bfc062723c751e8b465ee728b)  -> (artifact id: 'ed37ad09135daef7fce11d4e3a0db2f7') in 0.008464 seconds 
========================================================================
Received Import Request.
  Time since last request: 12.354405 seconds.
  path: Assets/Prefabs/Bullet.prefab
  artifactKey: Guid(2556dad7e7cfc23488be55ebdbcd3640) Importer(815301076,1909f56bfc062723c751e8b465ee728b)
Start importing Assets/Prefabs/Bullet.prefab using Guid(2556dad7e7cfc23488be55ebdbcd3640) Importer(815301076,1909f56bfc062723c751e8b465ee728b)  -> (artifact id: 'd7a0f8e9dd2a6bb11a95c018bf76795b') in 0.006748 seconds 
========================================================================
Received Import Request.
  Time since last request: 3.252445 seconds.
  path: Assets/Prefabs/Bullet.prefab
  artifactKey: Guid(2556dad7e7cfc23488be55ebdbcd3640) Importer(815301076,1909f56bfc062723c751e8b465ee728b)
Start importing Assets/Prefabs/Bullet.prefab using Guid(2556dad7e7cfc23488be55ebdbcd3640) Importer(815301076,1909f56bfc062723c751e8b465ee728b)  -> (artifact id: '8b40ee532ff5dad88d9511803644ea99') in 0.008146 seconds 
========================================================================
Received Import Request.
  Time since last request: 8.496410 seconds.
  path: Assets/Prefabs/Bullet.prefab
  artifactKey: Guid(2556dad7e7cfc23488be55ebdbcd3640) Importer(815301076,1909f56bfc062723c751e8b465ee728b)
Start importing Assets/Prefabs/Bullet.prefab using Guid(2556dad7e7cfc23488be55ebdbcd3640) Importer(815301076,1909f56bfc062723c751e8b465ee728b)  -> (artifact id: '88c3d48343e3933eb4367910e8667f04') in 0.010495 seconds 
========================================================================
Received Import Request.
  Time since last request: 1.833628 seconds.
  path: Assets/Prefabs/Bullet.prefab
  artifactKey: Guid(2556dad7e7cfc23488be55ebdbcd3640) Importer(815301076,1909f56bfc062723c751e8b465ee728b)
Start importing Assets/Prefabs/Bullet.prefab using Guid(2556dad7e7cfc23488be55ebdbcd3640) Importer(815301076,1909f56bfc062723c751e8b465ee728b)  -> (artifact id: '2705597d79d3ed580a41d6b2b777c6da') in 0.009420 seconds 
========================================================================
Received Import Request.
  Time since last request: 3.347523 seconds.
  path: Assets/Prefabs/Bullet.prefab
  artifactKey: Guid(2556dad7e7cfc23488be55ebdbcd3640) Importer(815301076,1909f56bfc062723c751e8b465ee728b)
Start importing Assets/Prefabs/Bullet.prefab using Guid(2556dad7e7cfc23488be55ebdbcd3640) Importer(815301076,1909f56bfc062723c751e8b465ee728b)  -> (artifact id: '01c5486bca09355db2cf2f95f3c46192') in 0.008166 seconds 
========================================================================
Received Import Request.
  Time since last request: 14.631212 seconds.
  path: Assets/Prefabs/Bullet.prefab
  artifactKey: Guid(2556dad7e7cfc23488be55ebdbcd3640) Importer(815301076,1909f56bfc062723c751e8b465ee728b)
Start importing Assets/Prefabs/Bullet.prefab using Guid(2556dad7e7cfc23488be55ebdbcd3640) Importer(815301076,1909f56bfc062723c751e8b465ee728b)  -> (artifact id: '210af2fd87c952d2dbc3cc56a9a9dfd3') in 0.008353 seconds 
========================================================================
Received Import Request.
  Time since last request: 14.073211 seconds.
  path: Assets/Prefabs/Bullet.prefab
  artifactKey: Guid(2556dad7e7cfc23488be55ebdbcd3640) Importer(815301076,1909f56bfc062723c751e8b465ee728b)
Start importing Assets/Prefabs/Bullet.prefab using Guid(2556dad7e7cfc23488be55ebdbcd3640) Importer(815301076,1909f56bfc062723c751e8b465ee728b)  -> (artifact id: '24690d2cc79372f6bba0190cb73d642c') in 0.009137 seconds 
========================================================================
Received Import Request.
  Time since last request: 2.961587 seconds.
  path: Assets/Prefabs/Bullet.prefab
  artifactKey: Guid(2556dad7e7cfc23488be55ebdbcd3640) Importer(815301076,1909f56bfc062723c751e8b465ee728b)
Start importing Assets/Prefabs/Bullet.prefab using Guid(2556dad7e7cfc23488be55ebdbcd3640) Importer(815301076,1909f56bfc062723c751e8b465ee728b)  -> (artifact id: 'b0463a4d221ef58f82195048754113e6') in 0.007917 seconds 
========================================================================
Received Import Request.
  Time since last request: 2.056737 seconds.
  path: Assets/Prefabs/Bullet.prefab
  artifactKey: Guid(2556dad7e7cfc23488be55ebdbcd3640) Importer(815301076,1909f56bfc062723c751e8b465ee728b)
Start importing Assets/Prefabs/Bullet.prefab using Guid(2556dad7e7cfc23488be55ebdbcd3640) Importer(815301076,1909f56bfc062723c751e8b465ee728b)  -> (artifact id: 'd14ae8cca63a0a73284d3b1d66cbf429') in 0.009102 seconds 
========================================================================
Received Import Request.
  Time since last request: 4.143421 seconds.
  path: Assets/Prefabs/Bullet.prefab
  artifactKey: Guid(2556dad7e7cfc23488be55ebdbcd3640) Importer(815301076,1909f56bfc062723c751e8b465ee728b)
Start importing Assets/Prefabs/Bullet.prefab using Guid(2556dad7e7cfc23488be55ebdbcd3640) Importer(815301076,1909f56bfc062723c751e8b465ee728b)  -> (artifact id: '8ce60526f52ddbfb12b3f601a6db2778') in 0.008094 seconds 
========================================================================
Received Import Request.
  Time since last request: 6.484693 seconds.
  path: Assets/Prefabs/Bullet.prefab
  artifactKey: Guid(2556dad7e7cfc23488be55ebdbcd3640) Importer(815301076,1909f56bfc062723c751e8b465ee728b)
Start importing Assets/Prefabs/Bullet.prefab using Guid(2556dad7e7cfc23488be55ebdbcd3640) Importer(815301076,1909f56bfc062723c751e8b465ee728b)  -> (artifact id: '4208be61d93210c5ebf0ef019586e91e') in 0.009087 seconds 
========================================================================
Received Import Request.
  Time since last request: 17.281895 seconds.
  path: Assets/Prefabs/Bullet.prefab
  artifactKey: Guid(2556dad7e7cfc23488be55ebdbcd3640) Importer(815301076,1909f56bfc062723c751e8b465ee728b)
Start importing Assets/Prefabs/Bullet.prefab using Guid(2556dad7e7cfc23488be55ebdbcd3640) Importer(815301076,1909f56bfc062723c751e8b465ee728b)  -> (artifact id: '59541af9080072687ebcce7a05c09ccd') in 0.008588 seconds 
========================================================================
Received Import Request.
  Time since last request: 7.164597 seconds.
  path: Assets/Prefabs/Bullet.prefab
  artifactKey: Guid(2556dad7e7cfc23488be55ebdbcd3640) Importer(815301076,1909f56bfc062723c751e8b465ee728b)
Start importing Assets/Prefabs/Bullet.prefab using Guid(2556dad7e7cfc23488be55ebdbcd3640) Importer(815301076,1909f56bfc062723c751e8b465ee728b)  -> (artifact id: '0128ce448bc75a681ecb0656b7907dc0') in 0.007101 seconds 
========================================================================
Received Import Request.
  Time since last request: 3.073337 seconds.
  path: Assets/Prefabs/Bullet.prefab
  artifactKey: Guid(2556dad7e7cfc23488be55ebdbcd3640) Importer(815301076,1909f56bfc062723c751e8b465ee728b)
Start importing Assets/Prefabs/Bullet.prefab using Guid(2556dad7e7cfc23488be55ebdbcd3640) Importer(815301076,1909f56bfc062723c751e8b465ee728b)  -> (artifact id: 'f0a438c78d0fcac4505c760c198e7c6b') in 0.008660 seconds 
========================================================================
Received Import Request.
  Time since last request: 7.693116 seconds.
  path: Assets/Prefabs/Bullet.prefab
  artifactKey: Guid(2556dad7e7cfc23488be55ebdbcd3640) Importer(815301076,1909f56bfc062723c751e8b465ee728b)
Start importing Assets/Prefabs/Bullet.prefab using Guid(2556dad7e7cfc23488be55ebdbcd3640) Importer(815301076,1909f56bfc062723c751e8b465ee728b)  -> (artifact id: 'b9a8e9591f87763d03d403667b6f80fa') in 0.008801 seconds 
========================================================================
Received Import Request.
  Time since last request: 4.815739 seconds.
  path: Assets/Prefabs/Bullet.prefab
  artifactKey: Guid(2556dad7e7cfc23488be55ebdbcd3640) Importer(815301076,1909f56bfc062723c751e8b465ee728b)
Start importing Assets/Prefabs/Bullet.prefab using Guid(2556dad7e7cfc23488be55ebdbcd3640) Importer(815301076,1909f56bfc062723c751e8b465ee728b)  -> (artifact id: 'd4e9e2e4396f1d7cd5d878be640b50d7') in 0.009022 seconds 
========================================================================
Received Import Request.
  Time since last request: 2.439561 seconds.
  path: Assets/Prefabs/Bullet.prefab
  artifactKey: Guid(2556dad7e7cfc23488be55ebdbcd3640) Importer(815301076,1909f56bfc062723c751e8b465ee728b)
Start importing Assets/Prefabs/Bullet.prefab using Guid(2556dad7e7cfc23488be55ebdbcd3640) Importer(815301076,1909f56bfc062723c751e8b465ee728b)  -> (artifact id: '4560409ebf2b190656e4d46decff0fa6') in 0.008634 seconds 
========================================================================
Received Import Request.
  Time since last request: 2.745559 seconds.
  path: Assets/Prefabs/Bullet.prefab
  artifactKey: Guid(2556dad7e7cfc23488be55ebdbcd3640) Importer(815301076,1909f56bfc062723c751e8b465ee728b)
Start importing Assets/Prefabs/Bullet.prefab using Guid(2556dad7e7cfc23488be55ebdbcd3640) Importer(815301076,1909f56bfc062723c751e8b465ee728b)  -> (artifact id: '9f41d4f54377f3b15cfc065188fcc3ba') in 0.008447 seconds 
========================================================================
Received Import Request.
  Time since last request: 7.779443 seconds.
  path: Assets/Prefabs/Bullet.prefab
  artifactKey: Guid(2556dad7e7cfc23488be55ebdbcd3640) Importer(815301076,1909f56bfc062723c751e8b465ee728b)
Start importing Assets/Prefabs/Bullet.prefab using Guid(2556dad7e7cfc23488be55ebdbcd3640) Importer(815301076,1909f56bfc062723c751e8b465ee728b)  -> (artifact id: '44ecba8c83e5e672580751fefc4354da') in 0.006341 seconds 
========================================================================
Received Import Request.
  Time since last request: 10.878044 seconds.
  path: Assets/Prefabs/Bullet.prefab
  artifactKey: Guid(2556dad7e7cfc23488be55ebdbcd3640) Importer(815301076,1909f56bfc062723c751e8b465ee728b)
Start importing Assets/Prefabs/Bullet.prefab using Guid(2556dad7e7cfc23488be55ebdbcd3640) Importer(815301076,1909f56bfc062723c751e8b465ee728b)  -> (artifact id: 'bf9095f45d331857298124f873e6b61a') in 0.006975 seconds 
========================================================================
Received Import Request.
  Time since last request: 3.731172 seconds.
  path: Assets/Prefabs/Bullet.prefab
  artifactKey: Guid(2556dad7e7cfc23488be55ebdbcd3640) Importer(815301076,1909f56bfc062723c751e8b465ee728b)
Start importing Assets/Prefabs/Bullet.prefab using Guid(2556dad7e7cfc23488be55ebdbcd3640) Importer(815301076,1909f56bfc062723c751e8b465ee728b)  -> (artifact id: '286555b5e733b534aeeccb0bf968f411') in 0.007593 seconds 
========================================================================
Received Import Request.
  Time since last request: 10.887702 seconds.
  path: Assets/Prefabs/Bullet.prefab
  artifactKey: Guid(2556dad7e7cfc23488be55ebdbcd3640) Importer(815301076,1909f56bfc062723c751e8b465ee728b)
Start importing Assets/Prefabs/Bullet.prefab using Guid(2556dad7e7cfc23488be55ebdbcd3640) Importer(815301076,1909f56bfc062723c751e8b465ee728b)  -> (artifact id: '759d98ca0240d0b8b7518714bafd8c12') in 0.006906 seconds 
========================================================================
Received Import Request.
  Time since last request: 11.075156 seconds.
  path: Assets/Prefabs/Bullet.prefab
  artifactKey: Guid(2556dad7e7cfc23488be55ebdbcd3640) Importer(815301076,1909f56bfc062723c751e8b465ee728b)
Start importing Assets/Prefabs/Bullet.prefab using Guid(2556dad7e7cfc23488be55ebdbcd3640) Importer(815301076,1909f56bfc062723c751e8b465ee728b)  -> (artifact id: '4652bc6077d3e7cab4f5f536966825ce') in 0.007586 seconds 
========================================================================
Received Import Request.
  Time since last request: 10.492266 seconds.
  path: Assets/Prefabs/Bullet.prefab
  artifactKey: Guid(2556dad7e7cfc23488be55ebdbcd3640) Importer(815301076,1909f56bfc062723c751e8b465ee728b)
Start importing Assets/Prefabs/Bullet.prefab using Guid(2556dad7e7cfc23488be55ebdbcd3640) Importer(815301076,1909f56bfc062723c751e8b465ee728b)  -> (artifact id: '6faf4e2f34948231bd59078d53ceb009') in 0.006528 seconds 
========================================================================
Received Import Request.
  Time since last request: 3.100550 seconds.
  path: Assets/Prefabs/Bullet.prefab
  artifactKey: Guid(2556dad7e7cfc23488be55ebdbcd3640) Importer(815301076,1909f56bfc062723c751e8b465ee728b)
Start importing Assets/Prefabs/Bullet.prefab using Guid(2556dad7e7cfc23488be55ebdbcd3640) Importer(815301076,1909f56bfc062723c751e8b465ee728b)  -> (artifact id: '862e913bc93da6761f4028a15e2c6b65') in 0.007070 seconds 
========================================================================
Received Import Request.
  Time since last request: 4.723327 seconds.
  path: Assets/Prefabs/Bullet.prefab
  artifactKey: Guid(2556dad7e7cfc23488be55ebdbcd3640) Importer(815301076,1909f56bfc062723c751e8b465ee728b)
Start importing Assets/Prefabs/Bullet.prefab using Guid(2556dad7e7cfc23488be55ebdbcd3640) Importer(815301076,1909f56bfc062723c751e8b465ee728b)  -> (artifact id: 'dcfdb64a87948da7315befda903ba21e') in 0.006789 seconds 
========================================================================
Received Import Request.
  Time since last request: 3.653893 seconds.
  path: Assets/Prefabs/Bullet.prefab
  artifactKey: Guid(2556dad7e7cfc23488be55ebdbcd3640) Importer(815301076,1909f56bfc062723c751e8b465ee728b)
Start importing Assets/Prefabs/Bullet.prefab using Guid(2556dad7e7cfc23488be55ebdbcd3640) Importer(815301076,1909f56bfc062723c751e8b465ee728b)  -> (artifact id: '3d1ad7626e6d533f2cbc8582efe1277d') in 0.018774 seconds 
========================================================================
Received Import Request.
  Time since last request: 2.877619 seconds.
  path: Assets/Prefabs/Bullet.prefab
  artifactKey: Guid(2556dad7e7cfc23488be55ebdbcd3640) Importer(815301076,1909f56bfc062723c751e8b465ee728b)
Start importing Assets/Prefabs/Bullet.prefab using Guid(2556dad7e7cfc23488be55ebdbcd3640) Importer(815301076,1909f56bfc062723c751e8b465ee728b)  -> (artifact id: '507e48df76894830840b78b9d92bd682') in 0.006795 seconds 
========================================================================
Received Import Request.
  Time since last request: 4.276234 seconds.
  path: Assets/Prefabs/Bullet.prefab
  artifactKey: Guid(2556dad7e7cfc23488be55ebdbcd3640) Importer(815301076,1909f56bfc062723c751e8b465ee728b)
Start importing Assets/Prefabs/Bullet.prefab using Guid(2556dad7e7cfc23488be55ebdbcd3640) Importer(815301076,1909f56bfc062723c751e8b465ee728b)  -> (artifact id: '7bf63477deaa6bb47e4c0086dad6a89b') in 0.008464 seconds 
========================================================================
Received Import Request.
  Time since last request: 8.160126 seconds.
  path: Assets/Prefabs/Bullet.prefab
  artifactKey: Guid(2556dad7e7cfc23488be55ebdbcd3640) Importer(815301076,1909f56bfc062723c751e8b465ee728b)
Start importing Assets/Prefabs/Bullet.prefab using Guid(2556dad7e7cfc23488be55ebdbcd3640) Importer(815301076,1909f56bfc062723c751e8b465ee728b)  -> (artifact id: 'ab5d4041a1cdf84afdd52aab16a88552') in 0.007817 seconds 
========================================================================
Received Import Request.
  Time since last request: 9.097594 seconds.
  path: Assets/Prefabs/Bullet.prefab
  artifactKey: Guid(2556dad7e7cfc23488be55ebdbcd3640) Importer(815301076,1909f56bfc062723c751e8b465ee728b)
Start importing Assets/Prefabs/Bullet.prefab using Guid(2556dad7e7cfc23488be55ebdbcd3640) Importer(815301076,1909f56bfc062723c751e8b465ee728b)  -> (artifact id: '5fed6859adf6fe2e2224ca2704fa6504') in 0.006627 seconds 
========================================================================
Received Import Request.
  Time since last request: 0.599672 seconds.
  path: Assets/Prefabs/Bullet.prefab
  artifactKey: Guid(2556dad7e7cfc23488be55ebdbcd3640) Importer(815301076,1909f56bfc062723c751e8b465ee728b)
Start importing Assets/Prefabs/Bullet.prefab using Guid(2556dad7e7cfc23488be55ebdbcd3640) Importer(815301076,1909f56bfc062723c751e8b465ee728b)  -> (artifact id: 'f827aff89c2e40c0a94df4a8af92abd1') in 0.009425 seconds 
========================================================================
Received Import Request.
  Time since last request: 17.854875 seconds.
  path: Assets/Prefabs/Bullet.prefab
  artifactKey: Guid(2556dad7e7cfc23488be55ebdbcd3640) Importer(815301076,1909f56bfc062723c751e8b465ee728b)
Start importing Assets/Prefabs/Bullet.prefab using Guid(2556dad7e7cfc23488be55ebdbcd3640) Importer(815301076,1909f56bfc062723c751e8b465ee728b)  -> (artifact id: '626ee57e3fb305c35c3e34598a904e2f') in 0.008726 seconds 
========================================================================
Received Import Request.
  Time since last request: 1.227840 seconds.
  path: Assets/Prefabs/Bullet.prefab
  artifactKey: Guid(2556dad7e7cfc23488be55ebdbcd3640) Importer(815301076,1909f56bfc062723c751e8b465ee728b)
Start importing Assets/Prefabs/Bullet.prefab using Guid(2556dad7e7cfc23488be55ebdbcd3640) Importer(815301076,1909f56bfc062723c751e8b465ee728b)  -> (artifact id: 'ed6e49424fb75ba22483f0ac830fee45') in 0.007825 seconds 
========================================================================
Received Import Request.
  Time since last request: 3.469764 seconds.
  path: Assets/Prefabs/Bullet.prefab
  artifactKey: Guid(2556dad7e7cfc23488be55ebdbcd3640) Importer(815301076,1909f56bfc062723c751e8b465ee728b)
Start importing Assets/Prefabs/Bullet.prefab using Guid(2556dad7e7cfc23488be55ebdbcd3640) Importer(815301076,1909f56bfc062723c751e8b465ee728b)  -> (artifact id: 'b18f78331695f5d6f6d382cbd7178ecd') in 0.008080 seconds 
========================================================================
Received Import Request.
  Time since last request: 3.898573 seconds.
  path: Assets/Prefabs/Bullet.prefab
  artifactKey: Guid(2556dad7e7cfc23488be55ebdbcd3640) Importer(815301076,1909f56bfc062723c751e8b465ee728b)
Start importing Assets/Prefabs/Bullet.prefab using Guid(2556dad7e7cfc23488be55ebdbcd3640) Importer(815301076,1909f56bfc062723c751e8b465ee728b)  -> (artifact id: '1ed4f13928f51082a3521aba84eb4f8f') in 0.007926 seconds 
========================================================================
Received Import Request.
  Time since last request: 6.997274 seconds.
  path: Assets/Prefabs/Bullet.prefab
  artifactKey: Guid(2556dad7e7cfc23488be55ebdbcd3640) Importer(815301076,1909f56bfc062723c751e8b465ee728b)
Start importing Assets/Prefabs/Bullet.prefab using Guid(2556dad7e7cfc23488be55ebdbcd3640) Importer(815301076,1909f56bfc062723c751e8b465ee728b)  -> (artifact id: '1eeba904b0139fcbba7b0c4a0ab2d397') in 0.007041 seconds 
========================================================================
Received Import Request.
  Time since last request: 7.542167 seconds.
  path: Assets/Prefabs/Bullet.prefab
  artifactKey: Guid(2556dad7e7cfc23488be55ebdbcd3640) Importer(815301076,1909f56bfc062723c751e8b465ee728b)
Start importing Assets/Prefabs/Bullet.prefab using Guid(2556dad7e7cfc23488be55ebdbcd3640) Importer(815301076,1909f56bfc062723c751e8b465ee728b)  -> (artifact id: '1d63f790bf24a7bc6c7bb6f535859813') in 0.009887 seconds 
========================================================================
Received Import Request.
  Time since last request: 3.291537 seconds.
  path: Assets/Prefabs/Bullet.prefab
  artifactKey: Guid(2556dad7e7cfc23488be55ebdbcd3640) Importer(815301076,1909f56bfc062723c751e8b465ee728b)
Start importing Assets/Prefabs/Bullet.prefab using Guid(2556dad7e7cfc23488be55ebdbcd3640) Importer(815301076,1909f56bfc062723c751e8b465ee728b)  -> (artifact id: 'be7aa2d9cfd078cdd83b2307f1fb4760') in 0.009322 seconds 
========================================================================
Received Import Request.
  Time since last request: 5.931750 seconds.
  path: Assets/Prefabs/Bullet.prefab
  artifactKey: Guid(2556dad7e7cfc23488be55ebdbcd3640) Importer(815301076,1909f56bfc062723c751e8b465ee728b)
Start importing Assets/Prefabs/Bullet.prefab using Guid(2556dad7e7cfc23488be55ebdbcd3640) Importer(815301076,1909f56bfc062723c751e8b465ee728b)  -> (artifact id: '9d2db9219d47ae89fbd1f5dabbf57831') in 0.008456 seconds 
========================================================================
Received Import Request.
  Time since last request: 7.226493 seconds.
  path: Assets
  artifactKey: Guid(00000000000000001000000000000000) Importer(815301076,1909f56bfc062723c751e8b465ee728b)
Start importing Assets using Guid(00000000000000001000000000000000) Importer(815301076,1909f56bfc062723c751e8b465ee728b)  -> (artifact id: '42d402b061de3733987d63b9cc3b64de') in 0.000527 seconds 
========================================================================
Received Import Request.
  Time since last request: 8.003223 seconds.
  path: Assets/New Material.mat
  artifactKey: Guid(b859603a4534acb16926579da059974e) Importer(815301076,1909f56bfc062723c751e8b465ee728b)
Start importing Assets/New Material.mat using Guid(b859603a4534acb16926579da059974e) Importer(815301076,1909f56bfc062723c751e8b465ee728b)  -> (artifact id: 'cb972f63402472b6eda101b1f267a962') in 0.025551 seconds 
========================================================================
Received Import Request.
  Time since last request: 24.819309 seconds.
  path: Assets/Bullet Trail.mat
  artifactKey: Guid(b859603a4534acb16926579da059974e) Importer(815301076,1909f56bfc062723c751e8b465ee728b)
Start importing Assets/Bullet Trail.mat using Guid(b859603a4534acb16926579da059974e) Importer(815301076,1909f56bfc062723c751e8b465ee728b)  -> (artifact id: '5e60d65667debc870be210344f032ac4') in 0.008723 seconds 
========================================================================
Received Import Request.
  Time since last request: 2.640448 seconds.
  path: Assets/Sprites
  artifactKey: Guid(8600f587eabe3e84793415d7931b9623) Importer(815301076,1909f56bfc062723c751e8b465ee728b)
Start importing Assets/Sprites using Guid(8600f587eabe3e84793415d7931b9623) Importer(815301076,1909f56bfc062723c751e8b465ee728b)  -> (artifact id: '4110f33405265840de69dcea581dceea') in 0.000604 seconds 
========================================================================
Received Import Request.
  Time since last request: 7.671857 seconds.
  path: Assets/Prefabs/Bullet.prefab
  artifactKey: Guid(2556dad7e7cfc23488be55ebdbcd3640) Importer(815301076,1909f56bfc062723c751e8b465ee728b)
Start importing Assets/Prefabs/Bullet.prefab using Guid(2556dad7e7cfc23488be55ebdbcd3640) Importer(815301076,1909f56bfc062723c751e8b465ee728b)  -> (artifact id: '0fc9e735d3f85c0763b0fc86ad44b561') in 0.008523 seconds 
========================================================================
Received Import Request.
  Time since last request: 2.936723 seconds.
  path: Assets/Sprites/Bullet.png
  artifactKey: Guid(47c0b16181e42d44ea52caad7f4341a4) Importer(815301076,1909f56bfc062723c751e8b465ee728b)
Start importing Assets/Sprites/Bullet.png using Guid(47c0b16181e42d44ea52caad7f4341a4) Importer(815301076,1909f56bfc062723c751e8b465ee728b)  -> (artifact id: '0fd0a29e5e7974c33adc328732cb81bd') in 0.021583 seconds 
========================================================================
Received Import Request.
  Time since last request: 0.000112 seconds.
  path: Assets/Sprites/Wall.png
  artifactKey: Guid(f2e9eab44a079094bb984251ef451749) Importer(815301076,1909f56bfc062723c751e8b465ee728b)
Start importing Assets/Sprites/Wall.png using Guid(f2e9eab44a079094bb984251ef451749) Importer(815301076,1909f56bfc062723c751e8b465ee728b)  -> (artifact id: '659b9e5a74939ca6315916deb991840c') in 0.007095 seconds 
========================================================================
Received Import Request.
  Time since last request: 0.000116 seconds.
  path: Assets/Sprites/Shotgun.png
  artifactKey: Guid(78639957e8f1729788d22311c1c1176e) Importer(815301076,1909f56bfc062723c751e8b465ee728b)
Start importing Assets/Sprites/Shotgun.png using Guid(78639957e8f1729788d22311c1c1176e) Importer(815301076,1909f56bfc062723c751e8b465ee728b)  -> (artifact id: 'fdaeb4d07bc814b78e07831196ecdf63') in 0.007581 seconds 
========================================================================
Received Import Request.
  Time since last request: 0.000586 seconds.
  path: Assets/Sprites/flash.png
  artifactKey: Guid(f6f5f7b8b13b6998c851c47c5e3fcc93) Importer(815301076,1909f56bfc062723c751e8b465ee728b)
Start importing Assets/Sprites/flash.png using Guid(f6f5f7b8b13b6998c851c47c5e3fcc93) Importer(815301076,1909f56bfc062723c751e8b465ee728b)  -> (artifact id: '41356186c9482abea0e958edf86e8002') in 0.008838 seconds 
========================================================================
Received Import Request.
  Time since last request: 0.000167 seconds.
  path: Assets/Sprites/Spike.png
  artifactKey: Guid(60b1e57c857b291419dceb6511a9f2a6) Importer(815301076,1909f56bfc062723c751e8b465ee728b)
Start importing Assets/Sprites/Spike.png using Guid(60b1e57c857b291419dceb6511a9f2a6) Importer(815301076,1909f56bfc062723c751e8b465ee728b)  -> (artifact id: '8e94e7812be475830c5b9a870594b143') in 0.010183 seconds 
========================================================================
Received Import Request.
  Time since last request: 0.000148 seconds.
  path: Assets/Sprites/shotgunflash.png
  artifactKey: Guid(2638114f3f8b5be339dbb40af4c6986c) Importer(815301076,1909f56bfc062723c751e8b465ee728b)
Start importing Assets/Sprites/shotgunflash.png using Guid(2638114f3f8b5be339dbb40af4c6986c) Importer(815301076,1909f56bfc062723c751e8b465ee728b)  -> (artifact id: '8a502972423d97846963733e14990d16') in 0.006081 seconds 
========================================================================
Received Import Request.
  Time since last request: 0.000142 seconds.
  path: Assets/Sprites/Player.png
  artifactKey: Guid(af92e3885aa48134f9a3cc86e365d931) Importer(815301076,1909f56bfc062723c751e8b465ee728b)
Start importing Assets/Sprites/Player.png using Guid(af92e3885aa48134f9a3cc86e365d931) Importer(815301076,1909f56bfc062723c751e8b465ee728b)  -> (artifact id: 'a34535b0b5eab64cacfc0df03a32e948') in 0.009658 seconds 
========================================================================
Received Import Request.
  Time since last request: 0.000192 seconds.
  path: Assets/Sprites/Pump.png
  artifactKey: Guid(0c5b7bafb506dd4b08f2554f36e1c7c3) Importer(815301076,1909f56bfc062723c751e8b465ee728b)
Start importing Assets/Sprites/Pump.png using Guid(0c5b7bafb506dd4b08f2554f36e1c7c3) Importer(815301076,1909f56bfc062723c751e8b465ee728b)  -> (artifact id: '7eb20be90fe58b28b1d064381d8d5d25') in 0.006987 seconds 
========================================================================
Received Import Request.
  Time since last request: 0.000343 seconds.
  path: Assets/Sprites/Gun.png
  artifactKey: Guid(a0418cd40ffc47a4f991992213ae8231) Importer(815301076,1909f56bfc062723c751e8b465ee728b)
Start importing Assets/Sprites/Gun.png using Guid(a0418cd40ffc47a4f991992213ae8231) Importer(815301076,1909f56bfc062723c751e8b465ee728b)  -> (artifact id: '43567904243098fa5c4091f107cf39e0') in 0.008504 seconds 
========================================================================
Received Import Request.
  Time since last request: 393.802443 seconds.
  path: Assets/Sprites/Bullet Trail.mat
  artifactKey: Guid(b859603a4534acb16926579da059974e) Importer(815301076,1909f56bfc062723c751e8b465ee728b)
Start importing Assets/Sprites/Bullet Trail.mat using Guid(b859603a4534acb16926579da059974e) Importer(815301076,1909f56bfc062723c751e8b465ee728b)  -> (artifact id: 'fbacca9bd08046f5021ce50de18fdeca') in 0.008699 seconds 
========================================================================
Received Import Request.
  Time since last request: 68.270861 seconds.
  path: Assets/Sprites/Bullet.png
  artifactKey: Guid(47c0b16181e42d44ea52caad7f4341a4) Importer(815301076,1909f56bfc062723c751e8b465ee728b)
Start importing Assets/Sprites/Bullet.png using Guid(47c0b16181e42d44ea52caad7f4341a4) Importer(815301076,1909f56bfc062723c751e8b465ee728b)  -> (artifact id: '54596998f33c08261f772aaa99dbf5c4') in 0.009796 seconds 
========================================================================
Received Import Request.
  Time since last request: 15.864917 seconds.
  path: Assets/Sprites/Bullet.png
  artifactKey: Guid(47c0b16181e42d44ea52caad7f4341a4) Importer(815301076,1909f56bfc062723c751e8b465ee728b)
Start importing Assets/Sprites/Bullet.png using Guid(47c0b16181e42d44ea52caad7f4341a4) Importer(815301076,1909f56bfc062723c751e8b465ee728b)  -> (artifact id: '59766bef33bb34accf524f456fb37503') in 0.004376 seconds 
========================================================================
Received Import Request.
  Time since last request: 17.032581 seconds.
  path: Assets/Sprites/Bullet.png
  artifactKey: Guid(47c0b16181e42d44ea52caad7f4341a4) Importer(815301076,1909f56bfc062723c751e8b465ee728b)
Start importing Assets/Sprites/Bullet.png using Guid(47c0b16181e42d44ea52caad7f4341a4) Importer(815301076,1909f56bfc062723c751e8b465ee728b)  -> (artifact id: '9540ee6cddb36de94c776150c75e93e1') in 0.005335 seconds 
========================================================================
Received Prepare
Registering precompiled user dll's ...
Registered in 0.002121 seconds.
Begin MonoManager ReloadAssembly
Native extension for LinuxStandalone target not found
Native extension for WindowsStandalone target not found
Native extension for OSXStandalone target not found
Native extension for WebGL target not found
Refreshing native plugins compatible for Editor in 0.44 ms, found 1 plugins.
Preloading 0 native plugins for Editor in 0.00 ms.
Mono: successfully reloaded assembly
- Completed reload, in  0.896 seconds
Domain Reload Profiling:
	ReloadAssembly (896ms)
		BeginReloadAssembly (108ms)
			ExecutionOrderSort (0ms)
			DisableScriptedObjects (6ms)
			BackupInstance (0ms)
			ReleaseScriptingObjects (0ms)
			CreateAndSetChildDomain (38ms)
		EndReloadAssembly (727ms)
			LoadAssemblies (93ms)
			RebuildTransferFunctionScriptingTraits (0ms)
			SetupTypeCache (243ms)
			ReleaseScriptCaches (1ms)
			RebuildScriptCaches (47ms)
			SetupLoadedEditorAssemblies (283ms)
				LogAssemblyErrors (0ms)
				InitializePlatformSupportModulesInManaged (5ms)
				SetLoadedEditorAssemblies (0ms)
				RefreshPlugins (0ms)
				BeforeProcessingInitializeOnLoad (47ms)
				ProcessInitializeOnLoadAttributes (219ms)
				ProcessInitializeOnLoadMethodAttributes (8ms)
				AfterProcessingInitializeOnLoad (3ms)
				EditorAssembliesLoaded (0ms)
			ExecutionOrderSort2 (0ms)
			AwakeInstancesAfterBackupRestoration (7ms)
Platform modules already initialized, skipping
Refreshing native plugins compatible for Editor in 0.64 ms, found 1 plugins.
Preloading 0 native plugins for Editor in 0.00 ms.
Unloading 2445 Unused Serialized files (Serialized files now loaded: 0)
System memory in use before: 103.4 MB.
System memory in use after: 103.5 MB.

Unloading 16 unused Assets to reduce memory usage. Loaded Objects now: 2974.
Total: 6.214930 ms (FindLiveObjects: 0.308848 ms CreateObjectMapping: 0.266387 ms MarkObjects: 5.514194 ms  DeleteObjects: 0.122728 ms)

AssetImportParameters requested are different than current active one (requested -> active):
  custom:video-decoder-ogg-theora: a1e56fd34408186e4bbccfd4996cb3dc -> 
  custom:container-muxer-webm: aa71ff27fc2769a1b78a27578f13a17b -> 
  custom:container-demuxer-webm: 4f35f7cbe854078d1ac9338744f61a02 -> 
  custom:container-demuxer-ogg: 62fdf1f143b41e24485cea50d1cbac27 -> 
  custom:video-encoder-webm-vp8: eb34c28f22e8b96e1ab97ce403110664 -> 
  custom:video-decoder-webm-vp8: 9c59270c3fd7afecdb556c50c9e8de78 -> 
  custom:audio-decoder-ogg-vorbis: bf7c407c2cedff20999df2af8eb42d56 -> 
  custom:audio-encoder-webm-vorbis: bf7c407c2cedff20999df2af8eb42d56 -> 
========================================================================
Received Import Request.
  Time since last request: 376.274831 seconds.
  path: Assets/Sprites/Bullet Trail.mat
  artifactKey: Guid(b859603a4534acb16926579da059974e) Importer(815301076,1909f56bfc062723c751e8b465ee728b)
Start importing Assets/Sprites/Bullet Trail.mat using Guid(b859603a4534acb16926579da059974e) Importer(815301076,1909f56bfc062723c751e8b465ee728b)  -> (artifact id: '954c40bef11ca800248bb4a937f83225') in 0.088495 seconds 
========================================================================
Received Import Request.
  Time since last request: 71.723142 seconds.
  path: Assets/Prefabs/Bullet.prefab
  artifactKey: Guid(2556dad7e7cfc23488be55ebdbcd3640) Importer(815301076,1909f56bfc062723c751e8b465ee728b)
Start importing Assets/Prefabs/Bullet.prefab using Guid(2556dad7e7cfc23488be55ebdbcd3640) Importer(815301076,1909f56bfc062723c751e8b465ee728b)  -> (artifact id: 'c9cc61246835e69034d4fb3c3978f027') in 0.019304 seconds 
========================================================================
Received Import Request.
  Time since last request: 5.264641 seconds.
  path: Assets/Prefabs/Bullet.prefab
  artifactKey: Guid(2556dad7e7cfc23488be55ebdbcd3640) Importer(815301076,1909f56bfc062723c751e8b465ee728b)
Start importing Assets/Prefabs/Bullet.prefab using Guid(2556dad7e7cfc23488be55ebdbcd3640) Importer(815301076,1909f56bfc062723c751e8b465ee728b)  -> (artifact id: '0d606bd924bab2309af9e9e749bcb179') in 0.006863 seconds 
========================================================================
Received Import Request.
  Time since last request: 3.081267 seconds.
  path: Assets/Prefabs/Bullet.prefab
  artifactKey: Guid(2556dad7e7cfc23488be55ebdbcd3640) Importer(815301076,1909f56bfc062723c751e8b465ee728b)
Start importing Assets/Prefabs/Bullet.prefab using Guid(2556dad7e7cfc23488be55ebdbcd3640) Importer(815301076,1909f56bfc062723c751e8b465ee728b)  -> (artifact id: 'f0b70c3112d7761a13a84aea1162634d') in 0.007463 seconds 
========================================================================
Received Import Request.
  Time since last request: 17.868499 seconds.
  path: Assets/Prefabs/Bullet.prefab
  artifactKey: Guid(2556dad7e7cfc23488be55ebdbcd3640) Importer(815301076,1909f56bfc062723c751e8b465ee728b)
Start importing Assets/Prefabs/Bullet.prefab using Guid(2556dad7e7cfc23488be55ebdbcd3640) Importer(815301076,1909f56bfc062723c751e8b465ee728b)  -> (artifact id: '10b496c3e6c812c861a311a6ce307bea') in 0.007850 seconds 
========================================================================
Received Import Request.
  Time since last request: 3.512994 seconds.
  path: Assets/Prefabs/Bullet.prefab
  artifactKey: Guid(2556dad7e7cfc23488be55ebdbcd3640) Importer(815301076,1909f56bfc062723c751e8b465ee728b)
Start importing Assets/Prefabs/Bullet.prefab using Guid(2556dad7e7cfc23488be55ebdbcd3640) Importer(815301076,1909f56bfc062723c751e8b465ee728b)  -> (artifact id: '5cae6b92126367d319b7c26cdbf9b26d') in 0.007872 seconds 
========================================================================
Received Import Request.
  Time since last request: 159.259237 seconds.
  path: Assets/Sprites/Bullet Trail.mat
  artifactKey: Guid(b859603a4534acb16926579da059974e) Importer(815301076,1909f56bfc062723c751e8b465ee728b)
Start importing Assets/Sprites/Bullet Trail.mat using Guid(b859603a4534acb16926579da059974e) Importer(815301076,1909f56bfc062723c751e8b465ee728b)  -> (artifact id: '1a1e5efc6c105e73306ef1afa624853f') in 0.028522 seconds 
========================================================================
Received Import Request.
  Time since last request: 0.000129 seconds.
  path: Assets/Sprites/Circle.png
  artifactKey: Guid(6427fbd7fec14e8a5b67248457c3ffef) Importer(815301076,1909f56bfc062723c751e8b465ee728b)
Start importing Assets/Sprites/Circle.png using Guid(6427fbd7fec14e8a5b67248457c3ffef) Importer(815301076,1909f56bfc062723c751e8b465ee728b)  -> (artifact id: '57e04299f4b5ca3d3ddbc2e6fb40ecbd') in 0.019161 seconds 
========================================================================
Received Prepare
Registering precompiled user dll's ...
Registered in 0.001540 seconds.
Begin MonoManager ReloadAssembly
Native extension for LinuxStandalone target not found
Native extension for WindowsStandalone target not found
Native extension for OSXStandalone target not found
Native extension for WebGL target not found
Refreshing native plugins compatible for Editor in 0.42 ms, found 1 plugins.
Preloading 0 native plugins for Editor in 0.00 ms.
Mono: successfully reloaded assembly
- Completed reload, in  0.767 seconds
Domain Reload Profiling:
	ReloadAssembly (767ms)
		BeginReloadAssembly (99ms)
			ExecutionOrderSort (0ms)
			DisableScriptedObjects (6ms)
			BackupInstance (0ms)
			ReleaseScriptingObjects (0ms)
			CreateAndSetChildDomain (32ms)
		EndReloadAssembly (626ms)
			LoadAssemblies (68ms)
			RebuildTransferFunctionScriptingTraits (0ms)
			SetupTypeCache (221ms)
			ReleaseScriptCaches (1ms)
			RebuildScriptCaches (44ms)
			SetupLoadedEditorAssemblies (233ms)
				LogAssemblyErrors (0ms)
				InitializePlatformSupportModulesInManaged (4ms)
				SetLoadedEditorAssemblies (0ms)
				RefreshPlugins (0ms)
				BeforeProcessingInitializeOnLoad (42ms)
				ProcessInitializeOnLoadAttributes (175ms)
				ProcessInitializeOnLoadMethodAttributes (7ms)
				AfterProcessingInitializeOnLoad (3ms)
				EditorAssembliesLoaded (0ms)
			ExecutionOrderSort2 (0ms)
			AwakeInstancesAfterBackupRestoration (6ms)
Platform modules already initialized, skipping
Refreshing native plugins compatible for Editor in 0.44 ms, found 1 plugins.
Preloading 0 native plugins for Editor in 0.00 ms.
Unloading 2445 Unused Serialized files (Serialized files now loaded: 0)
System memory in use before: 103.5 MB.
System memory in use after: 103.6 MB.

Unloading 15 unused Assets to reduce memory usage. Loaded Objects now: 2978.
Total: 4.260895 ms (FindLiveObjects: 0.139730 ms CreateObjectMapping: 0.055704 ms MarkObjects: 4.013233 ms  DeleteObjects: 0.051314 ms)

AssetImportParameters requested are different than current active one (requested -> active):
  custom:video-decoder-ogg-theora: a1e56fd34408186e4bbccfd4996cb3dc -> 
  custom:container-muxer-webm: aa71ff27fc2769a1b78a27578f13a17b -> 
  custom:container-demuxer-webm: 4f35f7cbe854078d1ac9338744f61a02 -> 
  custom:container-demuxer-ogg: 62fdf1f143b41e24485cea50d1cbac27 -> 
  custom:video-encoder-webm-vp8: eb34c28f22e8b96e1ab97ce403110664 -> 
  custom:video-decoder-webm-vp8: 9c59270c3fd7afecdb556c50c9e8de78 -> 
  custom:audio-decoder-ogg-vorbis: bf7c407c2cedff20999df2af8eb42d56 -> 
  custom:audio-encoder-webm-vorbis: bf7c407c2cedff20999df2af8eb42d56 -> 
========================================================================
Received Prepare
Registering precompiled user dll's ...
Registered in 0.001268 seconds.
Begin MonoManager ReloadAssembly
Native extension for LinuxStandalone target not found
Native extension for WindowsStandalone target not found
Native extension for OSXStandalone target not found
Native extension for WebGL target not found
Refreshing native plugins compatible for Editor in 0.48 ms, found 1 plugins.
Preloading 0 native plugins for Editor in 0.00 ms.
Mono: successfully reloaded assembly
- Completed reload, in  0.764 seconds
Domain Reload Profiling:
	ReloadAssembly (764ms)
		BeginReloadAssembly (82ms)
			ExecutionOrderSort (0ms)
			DisableScriptedObjects (5ms)
			BackupInstance (0ms)
			ReleaseScriptingObjects (0ms)
			CreateAndSetChildDomain (27ms)
		EndReloadAssembly (640ms)
			LoadAssemblies (62ms)
			RebuildTransferFunctionScriptingTraits (0ms)
			SetupTypeCache (208ms)
			ReleaseScriptCaches (1ms)
			RebuildScriptCaches (50ms)
			SetupLoadedEditorAssemblies (244ms)
				LogAssemblyErrors (0ms)
				InitializePlatformSupportModulesInManaged (5ms)
				SetLoadedEditorAssemblies (0ms)
				RefreshPlugins (0ms)
				BeforeProcessingInitializeOnLoad (45ms)
				ProcessInitializeOnLoadAttributes (182ms)
				ProcessInitializeOnLoadMethodAttributes (8ms)
				AfterProcessingInitializeOnLoad (3ms)
				EditorAssembliesLoaded (0ms)
			ExecutionOrderSort2 (0ms)
			AwakeInstancesAfterBackupRestoration (6ms)
Platform modules already initialized, skipping
Refreshing native plugins compatible for Editor in 0.43 ms, found 1 plugins.
Preloading 0 native plugins for Editor in 0.00 ms.
Unloading 2445 Unused Serialized files (Serialized files now loaded: 0)
System memory in use before: 103.5 MB.
System memory in use after: 103.6 MB.

Unloading 15 unused Assets to reduce memory usage. Loaded Objects now: 2981.
Total: 4.476779 ms (FindLiveObjects: 0.215634 ms CreateObjectMapping: 0.113242 ms MarkObjects: 4.083923 ms  DeleteObjects: 0.062802 ms)

AssetImportParameters requested are different than current active one (requested -> active):
  custom:video-decoder-ogg-theora: a1e56fd34408186e4bbccfd4996cb3dc -> 
  custom:container-muxer-webm: aa71ff27fc2769a1b78a27578f13a17b -> 
  custom:container-demuxer-webm: 4f35f7cbe854078d1ac9338744f61a02 -> 
  custom:container-demuxer-ogg: 62fdf1f143b41e24485cea50d1cbac27 -> 
  custom:video-encoder-webm-vp8: eb34c28f22e8b96e1ab97ce403110664 -> 
  custom:video-decoder-webm-vp8: 9c59270c3fd7afecdb556c50c9e8de78 -> 
  custom:audio-decoder-ogg-vorbis: bf7c407c2cedff20999df2af8eb42d56 -> 
  custom:audio-encoder-webm-vorbis: bf7c407c2cedff20999df2af8eb42d56 -> 
========================================================================
Received Import Request.
  Time since last request: 837.240221 seconds.
  path: Assets/Prefabs/Bullet.prefab
  artifactKey: Guid(2556dad7e7cfc23488be55ebdbcd3640) Importer(815301076,1909f56bfc062723c751e8b465ee728b)
Start importing Assets/Prefabs/Bullet.prefab using Guid(2556dad7e7cfc23488be55ebdbcd3640) Importer(815301076,1909f56bfc062723c751e8b465ee728b)  -> (artifact id: '04304693af12c3bba60a445343baadc6') in 0.052646 seconds 
========================================================================
Received Import Request.
  Time since last request: 22.114479 seconds.
  path: Assets/Prefabs/Bullet.prefab
  artifactKey: Guid(2556dad7e7cfc23488be55ebdbcd3640) Importer(815301076,1909f56bfc062723c751e8b465ee728b)
Start importing Assets/Prefabs/Bullet.prefab using Guid(2556dad7e7cfc23488be55ebdbcd3640) Importer(815301076,1909f56bfc062723c751e8b465ee728b)  -> (artifact id: 'b194a50010649019f08c2620ebb4a0a4') in 0.007630 seconds 
========================================================================
Received Import Request.
  Time since last request: 4.240619 seconds.
  path: Assets/Prefabs/Bullet.prefab
  artifactKey: Guid(2556dad7e7cfc23488be55ebdbcd3640) Importer(815301076,1909f56bfc062723c751e8b465ee728b)
Start importing Assets/Prefabs/Bullet.prefab using Guid(2556dad7e7cfc23488be55ebdbcd3640) Importer(815301076,1909f56bfc062723c751e8b465ee728b)  -> (artifact id: 'd4258809aa2ceaac0be0ec4b4622c296') in 0.007602 seconds 
========================================================================
Received Prepare
Registering precompiled user dll's ...
Registered in 0.001335 seconds.
Begin MonoManager ReloadAssembly
Native extension for LinuxStandalone target not found
Native extension for WindowsStandalone target not found
Native extension for OSXStandalone target not found
Native extension for WebGL target not found
Refreshing native plugins compatible for Editor in 0.70 ms, found 1 plugins.
Preloading 0 native plugins for Editor in 0.00 ms.
Mono: successfully reloaded assembly
- Completed reload, in  0.868 seconds
Domain Reload Profiling:
	ReloadAssembly (869ms)
		BeginReloadAssembly (100ms)
			ExecutionOrderSort (0ms)
			DisableScriptedObjects (4ms)
			BackupInstance (0ms)
			ReleaseScriptingObjects (0ms)
			CreateAndSetChildDomain (40ms)
		EndReloadAssembly (721ms)
			LoadAssemblies (70ms)
			RebuildTransferFunctionScriptingTraits (0ms)
			SetupTypeCache (261ms)
			ReleaseScriptCaches (2ms)
			RebuildScriptCaches (67ms)
			SetupLoadedEditorAssemblies (252ms)
				LogAssemblyErrors (0ms)
				InitializePlatformSupportModulesInManaged (5ms)
				SetLoadedEditorAssemblies (0ms)
				RefreshPlugins (1ms)
				BeforeProcessingInitializeOnLoad (48ms)
				ProcessInitializeOnLoadAttributes (187ms)
				ProcessInitializeOnLoadMethodAttributes (8ms)
				AfterProcessingInitializeOnLoad (3ms)
				EditorAssembliesLoaded (0ms)
			ExecutionOrderSort2 (0ms)
			AwakeInstancesAfterBackupRestoration (6ms)
Platform modules already initialized, skipping
Refreshing native plugins compatible for Editor in 0.44 ms, found 1 plugins.
Preloading 0 native plugins for Editor in 0.00 ms.
Unloading 2445 Unused Serialized files (Serialized files now loaded: 0)
System memory in use before: 103.5 MB.
System memory in use after: 103.7 MB.

Unloading 15 unused Assets to reduce memory usage. Loaded Objects now: 2985.
Total: 4.392354 ms (FindLiveObjects: 0.133860 ms CreateObjectMapping: 0.052414 ms MarkObjects: 4.147079 ms  DeleteObjects: 0.057908 ms)

AssetImportParameters requested are different than current active one (requested -> active):
  custom:video-decoder-ogg-theora: a1e56fd34408186e4bbccfd4996cb3dc -> 
  custom:container-muxer-webm: aa71ff27fc2769a1b78a27578f13a17b -> 
  custom:container-demuxer-webm: 4f35f7cbe854078d1ac9338744f61a02 -> 
  custom:container-demuxer-ogg: 62fdf1f143b41e24485cea50d1cbac27 -> 
  custom:video-encoder-webm-vp8: eb34c28f22e8b96e1ab97ce403110664 -> 
  custom:video-decoder-webm-vp8: 9c59270c3fd7afecdb556c50c9e8de78 -> 
  custom:audio-decoder-ogg-vorbis: bf7c407c2cedff20999df2af8eb42d56 -> 
  custom:audio-encoder-webm-vorbis: bf7c407c2cedff20999df2af8eb42d56 -> 
========================================================================
Received Prepare
Registering precompiled user dll's ...
Registered in 0.001908 seconds.
Begin MonoManager ReloadAssembly
Native extension for LinuxStandalone target not found
Native extension for WindowsStandalone target not found
Native extension for OSXStandalone target not found
Native extension for WebGL target not found
Refreshing native plugins compatible for Editor in 0.43 ms, found 1 plugins.
Preloading 0 native plugins for Editor in 0.00 ms.
Mono: successfully reloaded assembly
- Completed reload, in  0.769 seconds
Domain Reload Profiling:
	ReloadAssembly (769ms)
		BeginReloadAssembly (86ms)
			ExecutionOrderSort (0ms)
			DisableScriptedObjects (4ms)
			BackupInstance (0ms)
			ReleaseScriptingObjects (0ms)
			CreateAndSetChildDomain (31ms)
		EndReloadAssembly (639ms)
			LoadAssemblies (63ms)
			RebuildTransferFunctionScriptingTraits (0ms)
			SetupTypeCache (213ms)
			ReleaseScriptCaches (1ms)
			RebuildScriptCaches (52ms)
			SetupLoadedEditorAssemblies (244ms)
				LogAssemblyErrors (0ms)
				InitializePlatformSupportModulesInManaged (5ms)
				SetLoadedEditorAssemblies (0ms)
				RefreshPlugins (0ms)
				BeforeProcessingInitializeOnLoad (43ms)
				ProcessInitializeOnLoadAttributes (185ms)
				ProcessInitializeOnLoadMethodAttributes (8ms)
				AfterProcessingInitializeOnLoad (3ms)
				EditorAssembliesLoaded (0ms)
			ExecutionOrderSort2 (0ms)
			AwakeInstancesAfterBackupRestoration (7ms)
Platform modules already initialized, skipping
Refreshing native plugins compatible for Editor in 0.44 ms, found 1 plugins.
Preloading 0 native plugins for Editor in 0.00 ms.
Unloading 2445 Unused Serialized files (Serialized files now loaded: 0)
System memory in use before: 103.4 MB.
System memory in use after: 103.6 MB.

Unloading 15 unused Assets to reduce memory usage. Loaded Objects now: 2988.
Total: 4.546828 ms (FindLiveObjects: 0.164222 ms CreateObjectMapping: 0.056580 ms MarkObjects: 4.214747 ms  DeleteObjects: 0.109974 ms)

AssetImportParameters requested are different than current active one (requested -> active):
  custom:video-decoder-ogg-theora: a1e56fd34408186e4bbccfd4996cb3dc -> 
  custom:container-muxer-webm: aa71ff27fc2769a1b78a27578f13a17b -> 
  custom:container-demuxer-webm: 4f35f7cbe854078d1ac9338744f61a02 -> 
  custom:container-demuxer-ogg: 62fdf1f143b41e24485cea50d1cbac27 -> 
  custom:video-encoder-webm-vp8: eb34c28f22e8b96e1ab97ce403110664 -> 
  custom:video-decoder-webm-vp8: 9c59270c3fd7afecdb556c50c9e8de78 -> 
  custom:audio-decoder-ogg-vorbis: bf7c407c2cedff20999df2af8eb42d56 -> 
  custom:audio-encoder-webm-vorbis: bf7c407c2cedff20999df2af8eb42d56 -> 
========================================================================
Received Prepare
Registering precompiled user dll's ...
Registered in 0.001265 seconds.
Begin MonoManager ReloadAssembly
Native extension for LinuxStandalone target not found
Native extension for WindowsStandalone target not found
Native extension for OSXStandalone target not found
Native extension for WebGL target not found
Refreshing native plugins compatible for Editor in 0.43 ms, found 1 plugins.
Preloading 0 native plugins for Editor in 0.00 ms.
Mono: successfully reloaded assembly
- Completed reload, in  0.803 seconds
Domain Reload Profiling:
	ReloadAssembly (803ms)
		BeginReloadAssembly (88ms)
			ExecutionOrderSort (0ms)
			DisableScriptedObjects (5ms)
			BackupInstance (0ms)
			ReleaseScriptingObjects (0ms)
			CreateAndSetChildDomain (31ms)
		EndReloadAssembly (671ms)
			LoadAssemblies (64ms)
			RebuildTransferFunctionScriptingTraits (0ms)
			SetupTypeCache (245ms)
			ReleaseScriptCaches (1ms)
			RebuildScriptCaches (44ms)
			SetupLoadedEditorAssemblies (254ms)
				LogAssemblyErrors (0ms)
				InitializePlatformSupportModulesInManaged (5ms)
				SetLoadedEditorAssemblies (0ms)
				RefreshPlugins (0ms)
				BeforeProcessingInitializeOnLoad (44ms)
				ProcessInitializeOnLoadAttributes (194ms)
				ProcessInitializeOnLoadMethodAttributes (7ms)
				AfterProcessingInitializeOnLoad (3ms)
				EditorAssembliesLoaded (0ms)
			ExecutionOrderSort2 (0ms)
			AwakeInstancesAfterBackupRestoration (7ms)
Platform modules already initialized, skipping
Refreshing native plugins compatible for Editor in 0.44 ms, found 1 plugins.
Preloading 0 native plugins for Editor in 0.00 ms.
Unloading 2445 Unused Serialized files (Serialized files now loaded: 0)
System memory in use before: 103.5 MB.
System memory in use after: 103.7 MB.

Unloading 15 unused Assets to reduce memory usage. Loaded Objects now: 2991.
Total: 4.702464 ms (FindLiveObjects: 0.216951 ms CreateObjectMapping: 0.121723 ms MarkObjects: 4.301852 ms  DeleteObjects: 0.060903 ms)

AssetImportParameters requested are different than current active one (requested -> active):
  custom:video-decoder-ogg-theora: a1e56fd34408186e4bbccfd4996cb3dc -> 
  custom:container-muxer-webm: aa71ff27fc2769a1b78a27578f13a17b -> 
  custom:container-demuxer-webm: 4f35f7cbe854078d1ac9338744f61a02 -> 
  custom:container-demuxer-ogg: 62fdf1f143b41e24485cea50d1cbac27 -> 
  custom:video-encoder-webm-vp8: eb34c28f22e8b96e1ab97ce403110664 -> 
  custom:video-decoder-webm-vp8: 9c59270c3fd7afecdb556c50c9e8de78 -> 
  custom:audio-decoder-ogg-vorbis: bf7c407c2cedff20999df2af8eb42d56 -> 
  custom:audio-encoder-webm-vorbis: bf7c407c2cedff20999df2af8eb42d56 -> 
========================================================================
Received Prepare
Registering precompiled user dll's ...
Registered in 0.001311 seconds.
Begin MonoManager ReloadAssembly
Native extension for LinuxStandalone target not found
Native extension for WindowsStandalone target not found
Native extension for OSXStandalone target not found
Native extension for WebGL target not found
Refreshing native plugins compatible for Editor in 0.43 ms, found 1 plugins.
Preloading 0 native plugins for Editor in 0.00 ms.
Mono: successfully reloaded assembly
- Completed reload, in  0.791 seconds
Domain Reload Profiling:
	ReloadAssembly (791ms)
		BeginReloadAssembly (92ms)
			ExecutionOrderSort (0ms)
			DisableScriptedObjects (4ms)
			BackupInstance (0ms)
			ReleaseScriptingObjects (0ms)
			CreateAndSetChildDomain (33ms)
		EndReloadAssembly (654ms)
			LoadAssemblies (66ms)
			RebuildTransferFunctionScriptingTraits (0ms)
			SetupTypeCache (217ms)
			ReleaseScriptCaches (1ms)
			RebuildScriptCaches (45ms)
			SetupLoadedEditorAssemblies (261ms)
				LogAssemblyErrors (0ms)
				InitializePlatformSupportModulesInManaged (5ms)
				SetLoadedEditorAssemblies (0ms)
				RefreshPlugins (0ms)
				BeforeProcessingInitializeOnLoad (43ms)
				ProcessInitializeOnLoadAttributes (200ms)
				ProcessInitializeOnLoadMethodAttributes (9ms)
				AfterProcessingInitializeOnLoad (3ms)
				EditorAssembliesLoaded (0ms)
			ExecutionOrderSort2 (0ms)
			AwakeInstancesAfterBackupRestoration (7ms)
Platform modules already initialized, skipping
Refreshing native plugins compatible for Editor in 0.46 ms, found 1 plugins.
Preloading 0 native plugins for Editor in 0.00 ms.
Unloading 2445 Unused Serialized files (Serialized files now loaded: 0)
System memory in use before: 103.5 MB.
System memory in use after: 103.7 MB.

Unloading 15 unused Assets to reduce memory usage. Loaded Objects now: 2994.
Total: 4.410363 ms (FindLiveObjects: 0.147725 ms CreateObjectMapping: 0.093347 ms MarkObjects: 4.113204 ms  DeleteObjects: 0.055059 ms)

AssetImportParameters requested are different than current active one (requested -> active):
  custom:video-decoder-ogg-theora: a1e56fd34408186e4bbccfd4996cb3dc -> 
  custom:container-muxer-webm: aa71ff27fc2769a1b78a27578f13a17b -> 
  custom:container-demuxer-webm: 4f35f7cbe854078d1ac9338744f61a02 -> 
  custom:container-demuxer-ogg: 62fdf1f143b41e24485cea50d1cbac27 -> 
  custom:video-encoder-webm-vp8: eb34c28f22e8b96e1ab97ce403110664 -> 
  custom:video-decoder-webm-vp8: 9c59270c3fd7afecdb556c50c9e8de78 -> 
  custom:audio-decoder-ogg-vorbis: bf7c407c2cedff20999df2af8eb42d56 -> 
  custom:audio-encoder-webm-vorbis: bf7c407c2cedff20999df2af8eb42d56 -> 
========================================================================
Received Import Request.
  Time since last request: 802.590464 seconds.
  path: Assets/Sounds/pistolfire.mp3
  artifactKey: Guid(92617acab0fd09945b9a27b4bd67ae88) Importer(815301076,1909f56bfc062723c751e8b465ee728b)
Start importing Assets/Sounds/pistolfire.mp3 using Guid(92617acab0fd09945b9a27b4bd67ae88) Importer(815301076,1909f56bfc062723c751e8b465ee728b)  -> (artifact id: 'ca1e60a5a907e50955eb536c7b77c2c4') in 0.045756 seconds 
========================================================================
Received Import Request.
  Time since last request: 15.265399 seconds.
  path: Assets/Sounds/hitHurt.wav
  artifactKey: Guid(991c5e30d05b604cf9d8b69fc4e1437e) Importer(815301076,1909f56bfc062723c751e8b465ee728b)
Start importing Assets/Sounds/hitHurt.wav using Guid(991c5e30d05b604cf9d8b69fc4e1437e) Importer(815301076,1909f56bfc062723c751e8b465ee728b)  -> (artifact id: '5c3745b3f4a9e4167b700f9301674965') in 0.008243 seconds 
========================================================================
Received Prepare
Registering precompiled user dll's ...
Registered in 0.002160 seconds.
Begin MonoManager ReloadAssembly
Native extension for LinuxStandalone target not found
Native extension for WindowsStandalone target not found
Native extension for OSXStandalone target not found
Native extension for WebGL target not found
Refreshing native plugins compatible for Editor in 0.43 ms, found 1 plugins.
Preloading 0 native plugins for Editor in 0.00 ms.
Mono: successfully reloaded assembly
- Completed reload, in  0.821 seconds
Domain Reload Profiling:
	ReloadAssembly (822ms)
		BeginReloadAssembly (112ms)
			ExecutionOrderSort (0ms)
			DisableScriptedObjects (6ms)
			BackupInstance (0ms)
			ReleaseScriptingObjects (0ms)
			CreateAndSetChildDomain (34ms)
		EndReloadAssembly (657ms)
			LoadAssemblies (82ms)
			RebuildTransferFunctionScriptingTraits (0ms)
			SetupTypeCache (227ms)
			ReleaseScriptCaches (2ms)
			RebuildScriptCaches (47ms)
			SetupLoadedEditorAssemblies (249ms)
				LogAssemblyErrors (0ms)
				InitializePlatformSupportModulesInManaged (5ms)
				SetLoadedEditorAssemblies (0ms)
				RefreshPlugins (0ms)
				BeforeProcessingInitializeOnLoad (47ms)
				ProcessInitializeOnLoadAttributes (186ms)
				ProcessInitializeOnLoadMethodAttributes (7ms)
				AfterProcessingInitializeOnLoad (3ms)
				EditorAssembliesLoaded (0ms)
			ExecutionOrderSort2 (0ms)
			AwakeInstancesAfterBackupRestoration (6ms)
Platform modules already initialized, skipping
Refreshing native plugins compatible for Editor in 0.45 ms, found 1 plugins.
Preloading 0 native plugins for Editor in 0.00 ms.
Unloading 2445 Unused Serialized files (Serialized files now loaded: 0)
System memory in use before: 103.6 MB.
System memory in use after: 103.7 MB.

Unloading 15 unused Assets to reduce memory usage. Loaded Objects now: 3000.
Total: 4.291000 ms (FindLiveObjects: 0.137383 ms CreateObjectMapping: 0.049289 ms MarkObjects: 4.037611 ms  DeleteObjects: 0.065528 ms)

AssetImportParameters requested are different than current active one (requested -> active):
  custom:video-decoder-ogg-theora: a1e56fd34408186e4bbccfd4996cb3dc -> 
  custom:container-muxer-webm: aa71ff27fc2769a1b78a27578f13a17b -> 
  custom:container-demuxer-webm: 4f35f7cbe854078d1ac9338744f61a02 -> 
  custom:container-demuxer-ogg: 62fdf1f143b41e24485cea50d1cbac27 -> 
  custom:video-encoder-webm-vp8: eb34c28f22e8b96e1ab97ce403110664 -> 
  custom:video-decoder-webm-vp8: 9c59270c3fd7afecdb556c50c9e8de78 -> 
  custom:audio-decoder-ogg-vorbis: bf7c407c2cedff20999df2af8eb42d56 -> 
  custom:audio-encoder-webm-vorbis: bf7c407c2cedff20999df2af8eb42d56 -> 
========================================================================
Received Import Request.
  Time since last request: 94.356340 seconds.
  path: Assets/Prefabs/Player.prefab
  artifactKey: Guid(3b7ee118d501aa940aa46be728591c6f) Importer(815301076,1909f56bfc062723c751e8b465ee728b)
Start importing Assets/Prefabs/Player.prefab using Guid(3b7ee118d501aa940aa46be728591c6f) Importer(815301076,1909f56bfc062723c751e8b465ee728b)  -> (artifact id: 'ec9ecad495ba6c9e4be63ecfa1fd211c') in 0.050392 seconds 
========================================================================
Received Import Request.
  Time since last request: 8.191065 seconds.
  path: Assets/Prefabs/Player.prefab
  artifactKey: Guid(3b7ee118d501aa940aa46be728591c6f) Importer(815301076,1909f56bfc062723c751e8b465ee728b)
Start importing Assets/Prefabs/Player.prefab using Guid(3b7ee118d501aa940aa46be728591c6f) Importer(815301076,1909f56bfc062723c751e8b465ee728b)  -> (artifact id: '65d15406bdfb68f8b82ed162347bafd7') in 0.008269 seconds 
========================================================================
Received Prepare
Registering precompiled user dll's ...
Registered in 0.004097 seconds.
Begin MonoManager ReloadAssembly
Native extension for LinuxStandalone target not found
Native extension for WindowsStandalone target not found
Native extension for OSXStandalone target not found
Native extension for WebGL target not found
Refreshing native plugins compatible for Editor in 0.46 ms, found 1 plugins.
Preloading 0 native plugins for Editor in 0.00 ms.
Mono: successfully reloaded assembly
- Completed reload, in  1.024 seconds
Domain Reload Profiling:
	ReloadAssembly (1025ms)
		BeginReloadAssembly (164ms)
			ExecutionOrderSort (0ms)
			DisableScriptedObjects (4ms)
			BackupInstance (0ms)
			ReleaseScriptingObjects (0ms)
			CreateAndSetChildDomain (47ms)
		EndReloadAssembly (812ms)
			LoadAssemblies (170ms)
			RebuildTransferFunctionScriptingTraits (0ms)
			SetupTypeCache (247ms)
			ReleaseScriptCaches (2ms)
			RebuildScriptCaches (53ms)
			SetupLoadedEditorAssemblies (318ms)
				LogAssemblyErrors (0ms)
				InitializePlatformSupportModulesInManaged (7ms)
				SetLoadedEditorAssemblies (0ms)
				RefreshPlugins (0ms)
				BeforeProcessingInitializeOnLoad (51ms)
				ProcessInitializeOnLoadAttributes (242ms)
				ProcessInitializeOnLoadMethodAttributes (14ms)
				AfterProcessingInitializeOnLoad (3ms)
				EditorAssembliesLoaded (0ms)
			ExecutionOrderSort2 (0ms)
			AwakeInstancesAfterBackupRestoration (7ms)
Platform modules already initialized, skipping
Refreshing native plugins compatible for Editor in 0.46 ms, found 1 plugins.
Preloading 0 native plugins for Editor in 0.00 ms.
Unloading 2445 Unused Serialized files (Serialized files now loaded: 0)
System memory in use before: 103.6 MB.
System memory in use after: 103.7 MB.

Unloading 15 unused Assets to reduce memory usage. Loaded Objects now: 3004.
Total: 5.528882 ms (FindLiveObjects: 0.275898 ms CreateObjectMapping: 0.087021 ms MarkObjects: 5.087981 ms  DeleteObjects: 0.076558 ms)

AssetImportParameters requested are different than current active one (requested -> active):
  custom:video-decoder-ogg-theora: a1e56fd34408186e4bbccfd4996cb3dc -> 
  custom:container-muxer-webm: aa71ff27fc2769a1b78a27578f13a17b -> 
  custom:container-demuxer-webm: 4f35f7cbe854078d1ac9338744f61a02 -> 
  custom:container-demuxer-ogg: 62fdf1f143b41e24485cea50d1cbac27 -> 
  custom:video-encoder-webm-vp8: eb34c28f22e8b96e1ab97ce403110664 -> 
  custom:video-decoder-webm-vp8: 9c59270c3fd7afecdb556c50c9e8de78 -> 
  custom:audio-decoder-ogg-vorbis: bf7c407c2cedff20999df2af8eb42d56 -> 
  custom:audio-encoder-webm-vorbis: bf7c407c2cedff20999df2af8eb42d56 -> 
AssetImportWorkerClient::OnTransportError - code=2 error=End of file
